<?xml version="1.0" encoding="UTF-8"?>
<testsuite xmlns:xsi="http://www.w3.org/2001/XMLSchema-instance" xsi:noNamespaceSchemaLocation="https://maven.apache.org/surefire/maven-surefire-plugin/xsd/surefire-test-report.xsd" name="com.menna.cursomc.Cursomc2ApplicationTests" time="12.714" tests="1" errors="0" skipped="0" failures="0">
  <properties>
    <property name="sun.desktop" value="windows"/>
    <property name="awt.toolkit" value="sun.awt.windows.WToolkit"/>
    <property name="file.encoding.pkg" value="sun.io"/>
    <property name="java.specification.version" value="1.8"/>
    <property name="sun.cpu.isalist" value="amd64"/>
    <property name="sun.jnu.encoding" value="Cp1252"/>
    <property name="java.class.path" value="C:\Menna\workspace-sts-3.9.7.RELEASE\cursomc2\target\test-classes;C:\Menna\workspace-sts-3.9.7.RELEASE\cursomc2\target\classes;C:\fwkNovo\maven\org\springframework\boot\spring-boot-starter-data-jpa\2.1.3.RELEASE\spring-boot-starter-data-jpa-2.1.3.RELEASE.jar;C:\fwkNovo\maven\org\springframework\boot\spring-boot-starter-aop\2.1.3.RELEASE\spring-boot-starter-aop-2.1.3.RELEASE.jar;C:\fwkNovo\maven\org\aspectj\aspectjweaver\1.9.2\aspectjweaver-1.9.2.jar;C:\fwkNovo\maven\javax\transaction\javax.transaction-api\1.3\javax.transaction-api-1.3.jar;C:\fwkNovo\maven\javax\xml\bind\jaxb-api\2.3.1\jaxb-api-2.3.1.jar;C:\fwkNovo\maven\javax\activation\javax.activation-api\1.2.0\javax.activation-api-1.2.0.jar;C:\fwkNovo\maven\org\hibernate\hibernate-core\5.3.7.Final\hibernate-core-5.3.7.Final.jar;C:\fwkNovo\maven\org\jboss\logging\jboss-logging\3.3.2.Final\jboss-logging-3.3.2.Final.jar;C:\fwkNovo\maven\javax\persistence\javax.persistence-api\2.2\javax.persistence-api-2.2.jar;C:\fwkNovo\maven\org\javassist\javassist\3.23.1-GA\javassist-3.23.1-GA.jar;C:\fwkNovo\maven\net\bytebuddy\byte-buddy\1.9.10\byte-buddy-1.9.10.jar;C:\fwkNovo\maven\antlr\antlr\2.7.7\antlr-2.7.7.jar;C:\fwkNovo\maven\org\jboss\jandex\2.0.5.Final\jandex-2.0.5.Final.jar;C:\fwkNovo\maven\com\fasterxml\classmate\1.4.0\classmate-1.4.0.jar;C:\fwkNovo\maven\org\dom4j\dom4j\2.1.1\dom4j-2.1.1.jar;C:\fwkNovo\maven\org\hibernate\common\hibernate-commons-annotations\5.0.4.Final\hibernate-commons-annotations-5.0.4.Final.jar;C:\fwkNovo\maven\org\springframework\data\spring-data-jpa\2.1.5.RELEASE\spring-data-jpa-2.1.5.RELEASE.jar;C:\fwkNovo\maven\org\springframework\data\spring-data-commons\2.1.5.RELEASE\spring-data-commons-2.1.5.RELEASE.jar;C:\fwkNovo\maven\org\springframework\spring-orm\5.1.5.RELEASE\spring-orm-5.1.5.RELEASE.jar;C:\fwkNovo\maven\org\springframework\spring-context\5.1.5.RELEASE\spring-context-5.1.5.RELEASE.jar;C:\fwkNovo\maven\org\springframework\spring-tx\5.1.5.RELEASE\spring-tx-5.1.5.RELEASE.jar;C:\fwkNovo\maven\org\springframework\spring-beans\5.1.5.RELEASE\spring-beans-5.1.5.RELEASE.jar;C:\fwkNovo\maven\org\slf4j\slf4j-api\1.7.25\slf4j-api-1.7.25.jar;C:\fwkNovo\maven\org\springframework\spring-aspects\5.1.5.RELEASE\spring-aspects-5.1.5.RELEASE.jar;C:\fwkNovo\maven\org\springframework\boot\spring-boot-starter-jdbc\2.1.3.RELEASE\spring-boot-starter-jdbc-2.1.3.RELEASE.jar;C:\fwkNovo\maven\org\springframework\boot\spring-boot-starter\2.1.3.RELEASE\spring-boot-starter-2.1.3.RELEASE.jar;C:\fwkNovo\maven\org\springframework\boot\spring-boot-starter-logging\2.1.3.RELEASE\spring-boot-starter-logging-2.1.3.RELEASE.jar;C:\fwkNovo\maven\ch\qos\logback\logback-classic\1.2.3\logback-classic-1.2.3.jar;C:\fwkNovo\maven\ch\qos\logback\logback-core\1.2.3\logback-core-1.2.3.jar;C:\fwkNovo\maven\org\apache\logging\log4j\log4j-to-slf4j\2.11.2\log4j-to-slf4j-2.11.2.jar;C:\fwkNovo\maven\org\apache\logging\log4j\log4j-api\2.11.2\log4j-api-2.11.2.jar;C:\fwkNovo\maven\org\slf4j\jul-to-slf4j\1.7.25\jul-to-slf4j-1.7.25.jar;C:\fwkNovo\maven\javax\annotation\javax.annotation-api\1.3.2\javax.annotation-api-1.3.2.jar;C:\fwkNovo\maven\org\yaml\snakeyaml\1.23\snakeyaml-1.23.jar;C:\fwkNovo\maven\com\zaxxer\HikariCP\3.2.0\HikariCP-3.2.0.jar;C:\fwkNovo\maven\org\springframework\spring-jdbc\5.1.5.RELEASE\spring-jdbc-5.1.5.RELEASE.jar;C:\fwkNovo\maven\org\springframework\boot\spring-boot-starter-web\2.1.3.RELEASE\spring-boot-starter-web-2.1.3.RELEASE.jar;C:\fwkNovo\maven\org\springframework\boot\spring-boot-starter-json\2.1.3.RELEASE\spring-boot-starter-json-2.1.3.RELEASE.jar;C:\fwkNovo\maven\com\fasterxml\jackson\datatype\jackson-datatype-jdk8\2.9.8\jackson-datatype-jdk8-2.9.8.jar;C:\fwkNovo\maven\com\fasterxml\jackson\datatype\jackson-datatype-jsr310\2.9.8\jackson-datatype-jsr310-2.9.8.jar;C:\fwkNovo\maven\com\fasterxml\jackson\module\jackson-module-parameter-names\2.9.8\jackson-module-parameter-names-2.9.8.jar;C:\fwkNovo\maven\org\springframework\boot\spring-boot-starter-tomcat\2.1.3.RELEASE\spring-boot-starter-tomcat-2.1.3.RELEASE.jar;C:\fwkNovo\maven\org\apache\tomcat\embed\tomcat-embed-core\9.0.16\tomcat-embed-core-9.0.16.jar;C:\fwkNovo\maven\org\apache\tomcat\embed\tomcat-embed-el\9.0.16\tomcat-embed-el-9.0.16.jar;C:\fwkNovo\maven\org\apache\tomcat\embed\tomcat-embed-websocket\9.0.16\tomcat-embed-websocket-9.0.16.jar;C:\fwkNovo\maven\org\hibernate\validator\hibernate-validator\6.0.14.Final\hibernate-validator-6.0.14.Final.jar;C:\fwkNovo\maven\javax\validation\validation-api\2.0.1.Final\validation-api-2.0.1.Final.jar;C:\fwkNovo\maven\org\springframework\spring-web\5.1.5.RELEASE\spring-web-5.1.5.RELEASE.jar;C:\fwkNovo\maven\org\springframework\spring-webmvc\5.1.5.RELEASE\spring-webmvc-5.1.5.RELEASE.jar;C:\fwkNovo\maven\org\springframework\spring-expression\5.1.5.RELEASE\spring-expression-5.1.5.RELEASE.jar;C:\fwkNovo\maven\org\springframework\boot\spring-boot-starter-test\2.1.3.RELEASE\spring-boot-starter-test-2.1.3.RELEASE.jar;C:\fwkNovo\maven\org\springframework\boot\spring-boot-test\2.1.3.RELEASE\spring-boot-test-2.1.3.RELEASE.jar;C:\fwkNovo\maven\org\springframework\boot\spring-boot-test-autoconfigure\2.1.3.RELEASE\spring-boot-test-autoconfigure-2.1.3.RELEASE.jar;C:\fwkNovo\maven\com\jayway\jsonpath\json-path\2.4.0\json-path-2.4.0.jar;C:\fwkNovo\maven\net\minidev\json-smart\2.3\json-smart-2.3.jar;C:\fwkNovo\maven\net\minidev\accessors-smart\1.2\accessors-smart-1.2.jar;C:\fwkNovo\maven\org\ow2\asm\asm\5.0.4\asm-5.0.4.jar;C:\fwkNovo\maven\junit\junit\4.12\junit-4.12.jar;C:\fwkNovo\maven\org\assertj\assertj-core\3.11.1\assertj-core-3.11.1.jar;C:\fwkNovo\maven\org\mockito\mockito-core\2.23.4\mockito-core-2.23.4.jar;C:\fwkNovo\maven\net\bytebuddy\byte-buddy-agent\1.9.10\byte-buddy-agent-1.9.10.jar;C:\fwkNovo\maven\org\objenesis\objenesis\2.6\objenesis-2.6.jar;C:\fwkNovo\maven\org\hamcrest\hamcrest-core\1.3\hamcrest-core-1.3.jar;C:\fwkNovo\maven\org\hamcrest\hamcrest-library\1.3\hamcrest-library-1.3.jar;C:\fwkNovo\maven\org\skyscreamer\jsonassert\1.5.0\jsonassert-1.5.0.jar;C:\fwkNovo\maven\com\vaadin\external\google\android-json\0.0.20131108.vaadin1\android-json-0.0.20131108.vaadin1.jar;C:\fwkNovo\maven\org\springframework\spring-core\5.1.5.RELEASE\spring-core-5.1.5.RELEASE.jar;C:\fwkNovo\maven\org\springframework\spring-jcl\5.1.5.RELEASE\spring-jcl-5.1.5.RELEASE.jar;C:\fwkNovo\maven\org\springframework\spring-test\5.1.5.RELEASE\spring-test-5.1.5.RELEASE.jar;C:\fwkNovo\maven\org\xmlunit\xmlunit-core\2.6.2\xmlunit-core-2.6.2.jar;C:\fwkNovo\maven\org\springframework\boot\spring-boot-devtools\2.1.3.RELEASE\spring-boot-devtools-2.1.3.RELEASE.jar;C:\fwkNovo\maven\org\springframework\boot\spring-boot\2.1.3.RELEASE\spring-boot-2.1.3.RELEASE.jar;C:\fwkNovo\maven\org\springframework\boot\spring-boot-autoconfigure\2.1.3.RELEASE\spring-boot-autoconfigure-2.1.3.RELEASE.jar;C:\fwkNovo\maven\com\h2database\h2\1.4.197\h2-1.4.197.jar;C:\fwkNovo\maven\mysql\mysql-connector-java\8.0.15\mysql-connector-java-8.0.15.jar;C:\fwkNovo\maven\org\springframework\boot\spring-boot-starter-security\2.1.3.RELEASE\spring-boot-starter-security-2.1.3.RELEASE.jar;C:\fwkNovo\maven\org\springframework\spring-aop\5.1.5.RELEASE\spring-aop-5.1.5.RELEASE.jar;C:\fwkNovo\maven\org\springframework\security\spring-security-config\5.1.4.RELEASE\spring-security-config-5.1.4.RELEASE.jar;C:\fwkNovo\maven\org\springframework\security\spring-security-core\5.1.4.RELEASE\spring-security-core-5.1.4.RELEASE.jar;C:\fwkNovo\maven\org\springframework\security\spring-security-web\5.1.4.RELEASE\spring-security-web-5.1.4.RELEASE.jar;C:\fwkNovo\maven\io\jsonwebtoken\jjwt\0.7.0\jjwt-0.7.0.jar;C:\fwkNovo\maven\com\fasterxml\jackson\core\jackson-databind\2.9.8\jackson-databind-2.9.8.jar;C:\fwkNovo\maven\com\fasterxml\jackson\core\jackson-annotations\2.9.0\jackson-annotations-2.9.0.jar;C:\fwkNovo\maven\com\fasterxml\jackson\core\jackson-core\2.9.8\jackson-core-2.9.8.jar;"/>
    <property name="java.vm.vendor" value="Oracle Corporation"/>
    <property name="sun.arch.data.model" value="64"/>
    <property name="user.variant" value=""/>
    <property name="java.vendor.url" value="http://java.oracle.com/"/>
    <property name="user.timezone" value="America/Sao_Paulo"/>
    <property name="java.vm.specification.version" value="1.8"/>
    <property name="os.name" value="Windows 10"/>
    <property name="user.country" value="BR"/>
    <property name="sun.java.launcher" value="SUN_STANDARD"/>
    <property name="sun.boot.library.path" value="C:\java\jdk1.8.0_181\jre\bin"/>
    <property name="sun.java.command" value="c:\TEMP\surefire6163203179344446554\surefirebooter8693034739914150806.jar C:\Temp\surefire6163203179344446554 2019-07-31T13-04-34_683-jvmRun1 surefire2296566492395261008tmp surefire_02910642934225834313tmp"/>
    <property name="surefire.test.class.path" value="C:\Menna\workspace-sts-3.9.7.RELEASE\cursomc2\target\test-classes;C:\Menna\workspace-sts-3.9.7.RELEASE\cursomc2\target\classes;C:\fwkNovo\maven\org\springframework\boot\spring-boot-starter-data-jpa\2.1.3.RELEASE\spring-boot-starter-data-jpa-2.1.3.RELEASE.jar;C:\fwkNovo\maven\org\springframework\boot\spring-boot-starter-aop\2.1.3.RELEASE\spring-boot-starter-aop-2.1.3.RELEASE.jar;C:\fwkNovo\maven\org\aspectj\aspectjweaver\1.9.2\aspectjweaver-1.9.2.jar;C:\fwkNovo\maven\javax\transaction\javax.transaction-api\1.3\javax.transaction-api-1.3.jar;C:\fwkNovo\maven\javax\xml\bind\jaxb-api\2.3.1\jaxb-api-2.3.1.jar;C:\fwkNovo\maven\javax\activation\javax.activation-api\1.2.0\javax.activation-api-1.2.0.jar;C:\fwkNovo\maven\org\hibernate\hibernate-core\5.3.7.Final\hibernate-core-5.3.7.Final.jar;C:\fwkNovo\maven\org\jboss\logging\jboss-logging\3.3.2.Final\jboss-logging-3.3.2.Final.jar;C:\fwkNovo\maven\javax\persistence\javax.persistence-api\2.2\javax.persistence-api-2.2.jar;C:\fwkNovo\maven\org\javassist\javassist\3.23.1-GA\javassist-3.23.1-GA.jar;C:\fwkNovo\maven\net\bytebuddy\byte-buddy\1.9.10\byte-buddy-1.9.10.jar;C:\fwkNovo\maven\antlr\antlr\2.7.7\antlr-2.7.7.jar;C:\fwkNovo\maven\org\jboss\jandex\2.0.5.Final\jandex-2.0.5.Final.jar;C:\fwkNovo\maven\com\fasterxml\classmate\1.4.0\classmate-1.4.0.jar;C:\fwkNovo\maven\org\dom4j\dom4j\2.1.1\dom4j-2.1.1.jar;C:\fwkNovo\maven\org\hibernate\common\hibernate-commons-annotations\5.0.4.Final\hibernate-commons-annotations-5.0.4.Final.jar;C:\fwkNovo\maven\org\springframework\data\spring-data-jpa\2.1.5.RELEASE\spring-data-jpa-2.1.5.RELEASE.jar;C:\fwkNovo\maven\org\springframework\data\spring-data-commons\2.1.5.RELEASE\spring-data-commons-2.1.5.RELEASE.jar;C:\fwkNovo\maven\org\springframework\spring-orm\5.1.5.RELEASE\spring-orm-5.1.5.RELEASE.jar;C:\fwkNovo\maven\org\springframework\spring-context\5.1.5.RELEASE\spring-context-5.1.5.RELEASE.jar;C:\fwkNovo\maven\org\springframework\spring-tx\5.1.5.RELEASE\spring-tx-5.1.5.RELEASE.jar;C:\fwkNovo\maven\org\springframework\spring-beans\5.1.5.RELEASE\spring-beans-5.1.5.RELEASE.jar;C:\fwkNovo\maven\org\slf4j\slf4j-api\1.7.25\slf4j-api-1.7.25.jar;C:\fwkNovo\maven\org\springframework\spring-aspects\5.1.5.RELEASE\spring-aspects-5.1.5.RELEASE.jar;C:\fwkNovo\maven\org\springframework\boot\spring-boot-starter-jdbc\2.1.3.RELEASE\spring-boot-starter-jdbc-2.1.3.RELEASE.jar;C:\fwkNovo\maven\org\springframework\boot\spring-boot-starter\2.1.3.RELEASE\spring-boot-starter-2.1.3.RELEASE.jar;C:\fwkNovo\maven\org\springframework\boot\spring-boot-starter-logging\2.1.3.RELEASE\spring-boot-starter-logging-2.1.3.RELEASE.jar;C:\fwkNovo\maven\ch\qos\logback\logback-classic\1.2.3\logback-classic-1.2.3.jar;C:\fwkNovo\maven\ch\qos\logback\logback-core\1.2.3\logback-core-1.2.3.jar;C:\fwkNovo\maven\org\apache\logging\log4j\log4j-to-slf4j\2.11.2\log4j-to-slf4j-2.11.2.jar;C:\fwkNovo\maven\org\apache\logging\log4j\log4j-api\2.11.2\log4j-api-2.11.2.jar;C:\fwkNovo\maven\org\slf4j\jul-to-slf4j\1.7.25\jul-to-slf4j-1.7.25.jar;C:\fwkNovo\maven\javax\annotation\javax.annotation-api\1.3.2\javax.annotation-api-1.3.2.jar;C:\fwkNovo\maven\org\yaml\snakeyaml\1.23\snakeyaml-1.23.jar;C:\fwkNovo\maven\com\zaxxer\HikariCP\3.2.0\HikariCP-3.2.0.jar;C:\fwkNovo\maven\org\springframework\spring-jdbc\5.1.5.RELEASE\spring-jdbc-5.1.5.RELEASE.jar;C:\fwkNovo\maven\org\springframework\boot\spring-boot-starter-web\2.1.3.RELEASE\spring-boot-starter-web-2.1.3.RELEASE.jar;C:\fwkNovo\maven\org\springframework\boot\spring-boot-starter-json\2.1.3.RELEASE\spring-boot-starter-json-2.1.3.RELEASE.jar;C:\fwkNovo\maven\com\fasterxml\jackson\datatype\jackson-datatype-jdk8\2.9.8\jackson-datatype-jdk8-2.9.8.jar;C:\fwkNovo\maven\com\fasterxml\jackson\datatype\jackson-datatype-jsr310\2.9.8\jackson-datatype-jsr310-2.9.8.jar;C:\fwkNovo\maven\com\fasterxml\jackson\module\jackson-module-parameter-names\2.9.8\jackson-module-parameter-names-2.9.8.jar;C:\fwkNovo\maven\org\springframework\boot\spring-boot-starter-tomcat\2.1.3.RELEASE\spring-boot-starter-tomcat-2.1.3.RELEASE.jar;C:\fwkNovo\maven\org\apache\tomcat\embed\tomcat-embed-core\9.0.16\tomcat-embed-core-9.0.16.jar;C:\fwkNovo\maven\org\apache\tomcat\embed\tomcat-embed-el\9.0.16\tomcat-embed-el-9.0.16.jar;C:\fwkNovo\maven\org\apache\tomcat\embed\tomcat-embed-websocket\9.0.16\tomcat-embed-websocket-9.0.16.jar;C:\fwkNovo\maven\org\hibernate\validator\hibernate-validator\6.0.14.Final\hibernate-validator-6.0.14.Final.jar;C:\fwkNovo\maven\javax\validation\validation-api\2.0.1.Final\validation-api-2.0.1.Final.jar;C:\fwkNovo\maven\org\springframework\spring-web\5.1.5.RELEASE\spring-web-5.1.5.RELEASE.jar;C:\fwkNovo\maven\org\springframework\spring-webmvc\5.1.5.RELEASE\spring-webmvc-5.1.5.RELEASE.jar;C:\fwkNovo\maven\org\springframework\spring-expression\5.1.5.RELEASE\spring-expression-5.1.5.RELEASE.jar;C:\fwkNovo\maven\org\springframework\boot\spring-boot-starter-test\2.1.3.RELEASE\spring-boot-starter-test-2.1.3.RELEASE.jar;C:\fwkNovo\maven\org\springframework\boot\spring-boot-test\2.1.3.RELEASE\spring-boot-test-2.1.3.RELEASE.jar;C:\fwkNovo\maven\org\springframework\boot\spring-boot-test-autoconfigure\2.1.3.RELEASE\spring-boot-test-autoconfigure-2.1.3.RELEASE.jar;C:\fwkNovo\maven\com\jayway\jsonpath\json-path\2.4.0\json-path-2.4.0.jar;C:\fwkNovo\maven\net\minidev\json-smart\2.3\json-smart-2.3.jar;C:\fwkNovo\maven\net\minidev\accessors-smart\1.2\accessors-smart-1.2.jar;C:\fwkNovo\maven\org\ow2\asm\asm\5.0.4\asm-5.0.4.jar;C:\fwkNovo\maven\junit\junit\4.12\junit-4.12.jar;C:\fwkNovo\maven\org\assertj\assertj-core\3.11.1\assertj-core-3.11.1.jar;C:\fwkNovo\maven\org\mockito\mockito-core\2.23.4\mockito-core-2.23.4.jar;C:\fwkNovo\maven\net\bytebuddy\byte-buddy-agent\1.9.10\byte-buddy-agent-1.9.10.jar;C:\fwkNovo\maven\org\objenesis\objenesis\2.6\objenesis-2.6.jar;C:\fwkNovo\maven\org\hamcrest\hamcrest-core\1.3\hamcrest-core-1.3.jar;C:\fwkNovo\maven\org\hamcrest\hamcrest-library\1.3\hamcrest-library-1.3.jar;C:\fwkNovo\maven\org\skyscreamer\jsonassert\1.5.0\jsonassert-1.5.0.jar;C:\fwkNovo\maven\com\vaadin\external\google\android-json\0.0.20131108.vaadin1\android-json-0.0.20131108.vaadin1.jar;C:\fwkNovo\maven\org\springframework\spring-core\5.1.5.RELEASE\spring-core-5.1.5.RELEASE.jar;C:\fwkNovo\maven\org\springframework\spring-jcl\5.1.5.RELEASE\spring-jcl-5.1.5.RELEASE.jar;C:\fwkNovo\maven\org\springframework\spring-test\5.1.5.RELEASE\spring-test-5.1.5.RELEASE.jar;C:\fwkNovo\maven\org\xmlunit\xmlunit-core\2.6.2\xmlunit-core-2.6.2.jar;C:\fwkNovo\maven\org\springframework\boot\spring-boot-devtools\2.1.3.RELEASE\spring-boot-devtools-2.1.3.RELEASE.jar;C:\fwkNovo\maven\org\springframework\boot\spring-boot\2.1.3.RELEASE\spring-boot-2.1.3.RELEASE.jar;C:\fwkNovo\maven\org\springframework\boot\spring-boot-autoconfigure\2.1.3.RELEASE\spring-boot-autoconfigure-2.1.3.RELEASE.jar;C:\fwkNovo\maven\com\h2database\h2\1.4.197\h2-1.4.197.jar;C:\fwkNovo\maven\mysql\mysql-connector-java\8.0.15\mysql-connector-java-8.0.15.jar;C:\fwkNovo\maven\org\springframework\boot\spring-boot-starter-security\2.1.3.RELEASE\spring-boot-starter-security-2.1.3.RELEASE.jar;C:\fwkNovo\maven\org\springframework\spring-aop\5.1.5.RELEASE\spring-aop-5.1.5.RELEASE.jar;C:\fwkNovo\maven\org\springframework\security\spring-security-config\5.1.4.RELEASE\spring-security-config-5.1.4.RELEASE.jar;C:\fwkNovo\maven\org\springframework\security\spring-security-core\5.1.4.RELEASE\spring-security-core-5.1.4.RELEASE.jar;C:\fwkNovo\maven\org\springframework\security\spring-security-web\5.1.4.RELEASE\spring-security-web-5.1.4.RELEASE.jar;C:\fwkNovo\maven\io\jsonwebtoken\jjwt\0.7.0\jjwt-0.7.0.jar;C:\fwkNovo\maven\com\fasterxml\jackson\core\jackson-databind\2.9.8\jackson-databind-2.9.8.jar;C:\fwkNovo\maven\com\fasterxml\jackson\core\jackson-annotations\2.9.0\jackson-annotations-2.9.0.jar;C:\fwkNovo\maven\com\fasterxml\jackson\core\jackson-core\2.9.8\jackson-core-2.9.8.jar;"/>
    <property name="sun.cpu.endian" value="little"/>
    <property name="user.home" value="C:\Users\ricardo.menna"/>
    <property name="user.language" value="pt"/>
    <property name="java.specification.vendor" value="Oracle Corporation"/>
    <property name="java.home" value="C:\java\jdk1.8.0_181\jre"/>
    <property name="basedir" value="C:\Menna\workspace-sts-3.9.7.RELEASE\cursomc2"/>
    <property name="file.separator" value="\"/>
    <property name="line.separator" value="&#10;"/>
    <property name="java.vm.specification.vendor" value="Oracle Corporation"/>
    <property name="java.specification.name" value="Java Platform API Specification"/>
    <property name="java.awt.graphicsenv" value="sun.awt.Win32GraphicsEnvironment"/>
    <property name="surefire.real.class.path" value="c:\TEMP\surefire6163203179344446554\surefirebooter8693034739914150806.jar"/>
    <property name="sun.boot.class.path" value="C:\java\jdk1.8.0_181\jre\lib\resources.jar;C:\java\jdk1.8.0_181\jre\lib\rt.jar;C:\java\jdk1.8.0_181\jre\lib\sunrsasign.jar;C:\java\jdk1.8.0_181\jre\lib\jsse.jar;C:\java\jdk1.8.0_181\jre\lib\jce.jar;C:\java\jdk1.8.0_181\jre\lib\charsets.jar;C:\java\jdk1.8.0_181\jre\lib\jfr.jar;C:\java\jdk1.8.0_181\jre\classes"/>
    <property name="user.script" value=""/>
    <property name="sun.management.compiler" value="HotSpot 64-Bit Tiered Compilers"/>
    <property name="java.runtime.version" value="1.8.0_181-b13"/>
    <property name="user.name" value="ricardo.menna"/>
    <property name="path.separator" value=";"/>
    <property name="os.version" value="10.0"/>
    <property name="java.endorsed.dirs" value="C:\java\jdk1.8.0_181\jre\lib\endorsed"/>
    <property name="java.runtime.name" value="Java(TM) SE Runtime Environment"/>
    <property name="file.encoding" value="Cp1252"/>
    <property name="java.vm.name" value="Java HotSpot(TM) 64-Bit Server VM"/>
    <property name="localRepository" value="C:\fwkNovo\maven"/>
    <property name="java.vendor.url.bug" value="http://bugreport.sun.com/bugreport/"/>
    <property name="java.io.tmpdir" value="c:\TEMP\"/>
    <property name="java.version" value="1.8.0_181"/>
    <property name="user.dir" value="C:\Menna\workspace-sts-3.9.7.RELEASE\cursomc2"/>
    <property name="os.arch" value="amd64"/>
    <property name="java.vm.specification.name" value="Java Virtual Machine Specification"/>
    <property name="java.awt.printerjob" value="sun.awt.windows.WPrinterJob"/>
    <property name="sun.os.patch.level" value=""/>
    <property name="java.library.path" value="C:\java\jdk1.8.0_181\jre\bin;C:\WINDOWS\Sun\Java\bin;C:\WINDOWS\system32;C:\WINDOWS;C:\java\jdk1.8.0_181\bin;C:\fwkNovo\apache-maven-3.3.9\bin;C:\java\apache-ant-1.7.1\bin;C:\oracle\product\12.1.0\client_1\bin;C:\Program Files (x86)\Common Files\Oracle\Java\javapath;C:\java\nodejs8110\;c:\Program Files (x86)\ibm\gsk8\lib;c:\Program Files (x86)\ibm\gsk8\bin;C:\informix\bin;c:\java\oracle\product\11.2.0\client_1\bin;C:\java\z-Scripts;C:\java\python36\Scripts\;C:\java\python36\;%JAVA_HOME%\bin;C:\java\apache-maven-2.2.1\bin;C:\ProgramData\Oracle\Java\javapath;C:\WINDOWS\system32;C:\WINDOWS;C:\WINDOWS\System32\Wbem;C:\WINDOWS\System32\WindowsPowerShell\v1.0\;C:\Program Files (x86)\Enterprise Vault\EVClient\;C:\Program Files\MySQL\MySQL Utilities 1.6\;C:\java\sonar\sonar-scanner-3.1.0.1141-windows\bin;C:\Program Files\Git\cmd;C:\java\mongodb-win32-x86_64-3.5.5\bin;C:\Program Files\Microsoft VS Code\bin;C:\Program Files (x86)\Sennheiser\SoftphoneSDK\;C:\java\gradle-5.5.1\bin;C:\Users\ricardo.menna\AppData\Local\Microsoft\WindowsApps;C:\Users\ricardo.menna\AppData\Roaming\npm;C:\Users\ricardo.menna\AppData\Local\GitHubDesktop\bin;C:\Users\ricardo.menna\AppData\Local\Programs\Microsoft VS Code\bin;C:\Program Files\DockerToolbox;."/>
    <property name="java.vm.info" value="mixed mode"/>
    <property name="java.vendor" value="Oracle Corporation"/>
    <property name="java.vm.version" value="25.181-b13"/>
    <property name="java.ext.dirs" value="C:\java\jdk1.8.0_181\jre\lib\ext;C:\WINDOWS\Sun\Java\lib\ext"/>
    <property name="sun.io.unicode.encoding" value="UnicodeLittle"/>
    <property name="java.class.version" value="52.0"/>
  </properties>
  <testcase name="contextLoads" classname="com.menna.cursomc.Cursomc2ApplicationTests" time="0.083"/>
</testsuite>